<?xml version="1.0" encoding="UTF-8"?>
<!-- Generated by org.testng.reporters.JUnitReportReporter -->
<testsuite hostname="DESKTOP-S8T5TUM" failures="0" tests="1" name="com.GHH.testcases.tc5" time="37.778" errors="0" timestamp="2021-09-04T17:05:11 IST" skipped="0">
  <testcase classname="com.GHH.testcases.tc5" name="test01" time="37.778"/>
  <system-out/>
</testsuite> <!-- com.GHH.testcases.tc5 -->
