<?xml version="1.0" encoding="UTF-8"?>
<!-- Generated by org.testng.reporters.JUnitReportReporter -->
<testsuite hostname="DESKTOP-S8T5TUM" failures="0" tests="1" name="com.GHH.testcases.tc7" time="0.110" errors="0" timestamp="2021-09-05T03:16:15 IST" skipped="0">
  <testcase classname="com.GHH.testcases.tc7" name="mytest" time="0.110"/>
  <system-out/>
</testsuite> <!-- com.GHH.testcases.tc7 -->
