<?xml version="1.0" encoding="UTF-8"?>
<!-- Generated by org.testng.reporters.JUnitReportReporter -->
<testsuite hostname="DESKTOP-S8T5TUM" failures="0" tests="1" name="com.GHH.testcases.HomePageTest" time="0.677" errors="0" timestamp="2021-09-05T03:20:30 IST" skipped="0">
  <testcase classname="com.GHH.testcases.HomePageTest" name="Go_TO_Appointments_Screen" time="0.677"/>
  <system-out>
Method name is - Go_TO_Appointments_Screen  </system-out>
</testsuite> <!-- com.GHH.testcases.HomePageTest -->
