<?xml version="1.0" encoding="UTF-8"?>
<!-- Generated by org.testng.reporters.JUnitReportReporter -->
<testsuite hostname="DESKTOP-S8T5TUM" failures="0" tests="1" name="com.GHH.testcases.tc03" time="0.015" errors="0" timestamp="2021-09-04T17:17:45 IST" skipped="0">
  <testcase classname="com.GHH.testcases.tc03" name="verifyAddEmp2" time="0.015"/>
  <system-out/>
</testsuite> <!-- com.GHH.testcases.tc03 -->
