<?xml version="1.0" encoding="UTF-8"?>
<!-- Generated by org.testng.reporters.JUnitReportReporter -->
<testsuite hostname="DESKTOP-S8T5TUM" failures="0" tests="3" name="com.GHH.testcases.AppointmentPageTest" time="56.283" errors="0" timestamp="2021-09-05T21:00:13 IST" skipped="0">
  <testcase classname="com.GHH.testcases.AppointmentPageTest" name="Go_TO_Schedule_Appointments_Screen" time="0.010"/>
  <system-out>
Method name is - Go_TO_Schedule_Appointments_Screen  </system-out>
  <testcase classname="com.GHH.testcases.AppointmentPageTest" name="AddSchdeule_Appointment_and_Verify" time="44.342"/>
  <system-out>
Method name is - AddSchdeule_Appointment_and_Verify  </system-out>
  <testcase classname="com.GHH.testcases.AppointmentPageTest" name="AddSchdeule_Appointment_and_Verify" time="11.931"/>
  <system-out>
Method name is - AddSchdeule_Appointment_and_Verify  </system-out>
</testsuite> <!-- com.GHH.testcases.AppointmentPageTest -->
