<?xml version="1.0" encoding="UTF-8"?>
<!-- Generated by org.testng.reporters.JUnitReportReporter -->
<testsuite hostname="DESKTOP-S8T5TUM" failures="0" tests="3" name="com.GHH.testcases.LoginPageTest" time="33.253" errors="0" timestamp="2021-09-05T21:00:13 IST" skipped="0">
  <testcase classname="com.GHH.testcases.LoginPageTest" name="Verify_loginPage_Title" time="0.849"/>
  <system-out>
Method name is - Verify_loginPage_Title  </system-out>
  <testcase classname="com.GHH.testcases.LoginPageTest" name="LoginTest_With_invalid_Credentials" time="2.171"/>
  <system-out>
Method name is - LoginTest_With_invalid_Credentials  </system-out>
  <testcase classname="com.GHH.testcases.LoginPageTest" name="LoginTest_With_Valid_Crdenetials" time="30.233"/>
  <system-out>
Method name is - LoginTest_With_Valid_Crdenetials  </system-out>
</testsuite> <!-- com.GHH.testcases.LoginPageTest -->
